<?xml version="1.0" encoding="UTF-8"?>
<!-- Generated by org.testng.reporters.JUnitReportReporter -->
<testsuite hostname="DESKTOP-I3TNLIH" failures="0" tests="1" name="testRun.PracticeTest" time="16.109" errors="0" timestamp="2020-11-24T23:01:58 EST" skipped="0">
  <testcase classname="testRun.PracticeTest" name="firstTest" time="16.109"/>
  <system-out/>
</testsuite> <!-- testRun.PracticeTest -->
