<?xml version="1.0" encoding="UTF-8"?>
<!-- Generated by org.testng.reporters.JUnitReportReporter -->
<testsuite hostname="DESKTOP-I3TNLIH" failures="0" tests="2" name="practice.HookPractice" time="0.007" errors="0" timestamp="2020-11-25T21:35:43 EST" skipped="0">
  <testcase classname="practice.HookPractice" name="test3" time="0.001"/>
  <system-out/>
  <testcase classname="practice.HookPractice" name="test1" time="0.006"/>
  <system-out/>
</testsuite> <!-- practice.HookPractice -->
