<?xml version="1.0" encoding="UTF-8"?>
<!-- Generated by org.testng.reporters.JUnitReportReporter -->
<testsuite skipped="0" hostname="DESKTOP-I3TNLIH" name="practice.HookPractice2" tests="3" failures="0" timestamp="2020-11-30T20:44:56 EST" time="0.006" errors="0">
  <testcase name="test1" time="0.004" classname="practice.HookPractice2"/>
  <system-out/>
  <testcase name="test3" time="0.001" classname="practice.HookPractice2"/>
  <system-out/>
  <testcase name="test5" time="0.001" classname="practice.HookPractice2"/>
  <system-out/>
</testsuite> <!-- practice.HookPractice2 -->
