<?xml version="1.0" encoding="UTF-8"?>
<!-- Generated by org.testng.reporters.JUnitReportReporter -->
<testsuite skipped="0" hostname="DESKTOP-I3TNLIH" name="testRun.PracticeTest" tests="2" failures="0" timestamp="01 Dec 2020 01:43:57 GMT" time="16.078" errors="0">
  <testcase name="firstTest" time="16.072" classname="testRun.PracticeTest"/>
  <testcase name="test2" time="0.006" classname="testRun.PracticeTest"/>
</testsuite> <!-- testRun.PracticeTest -->
